[{"stream_name":"stdout","time":73.54898483,"data":"{\"sample_id\": \"44b6_0113de3b\", \"sample_path\": \"/kaggle/input/competitions/biohub-cell-tracking-during-development/test/44b6_0113de3b.zarr\", \"route\": \"adaptive_baseline\", \"elapsed_seconds\": 68.34, \"predicted_nodes\": 20904, \"predicted_edges\": 17511, \"detector\": \"components\", \"threshold\": 0.65, \"min_volume\": 2, \"peak_min_distance_voxels\": [1, 5, 5], \"link_strategy\": \"greedy\", \"max_link_distance_um\": 7.0, \"median_largest_component_voxels\": 2511.0, \"median_foreground_fraction\": 0.02255725860595703, \"reason\": \"clean foreground profile: thresholded components are compact enough for component centroids and simple greedy linking\", \"cfar_training_radius_voxels\": null, \"cfar_guard_radius_voxels\": null, \"cfar_k_sigma\": null, \"sidelobe_radius_voxels\": null, \"sidelobe_floor_ratio\": null, \"max_detections_per_timepoint\": null, \"cfar_spike_fallback_count\": null, \"max_timepoints\": null}\n"}
,{"stream_name":"stdout","time":130.448423746,"data":"{\"sample_id\": \"44b6_0b24845f\", \"sample_path\": \"/kaggle/input/competitions/biohub-cell-tracking-during-development/test/44b6_0b24845f.zarr\", \"route\": \"v9_style_adaptive\", \"elapsed_seconds\": 54.77, \"predicted_nodes\": 74519, \"predicted_edges\": 41474, \"detector\": \"local_maxima\", \"threshold\": 0.65, \"min_volume\": 2, \"peak_min_distance_voxels\": [1, 5, 5], \"link_strategy\": \"motion_mutual\", \"max_link_distance_um\": 9.0, \"median_largest_component_voxels\": 1636334.0, \"median_foreground_fraction\": 0.3931598663330078, \"reason\": \"merged foreground profile: large thresholded components or high foreground fraction, so use local maxima and strict motion+mutual linking with a bounded one-frame latent recovery bridge\", \"cfar_training_radius_voxels\": null, \"cfar_guard_radius_voxels\": null, \"cfar_k_sigma\": null, \"sidelobe_radius_voxels\": null, \"sidelobe_floor_ratio\": null, \"max_detections_per_timepoint\": null, \"cfar_spike_fallback_count\": null, \"max_timepoints\": null}\n"}
,{"stream_name":"stdout","time":191.540911649,"data":"{\"sample_id\": \"6bba_05b6850b\", \"sample_path\": \"/kaggle/input/competitions/biohub-cell-tracking-during-development/test/6bba_05b6850b.zarr\", \"route\": \"adaptive_baseline\", \"elapsed_seconds\": 59.94, \"predicted_nodes\": 4431, \"predicted_edges\": 3655, \"detector\": \"components\", \"threshold\": 0.65, \"min_volume\": 2, \"peak_min_distance_voxels\": [1, 5, 5], \"link_strategy\": \"greedy\", \"max_link_distance_um\": 7.0, \"median_largest_component_voxels\": 12132.0, \"median_foreground_fraction\": 0.01777195930480957, \"reason\": \"clean foreground profile: thresholded components are compact enough for component centroids and simple greedy linking\", \"cfar_training_radius_voxels\": null, \"cfar_guard_radius_voxels\": null, \"cfar_k_sigma\": null, \"sidelobe_radius_voxels\": null, \"sidelobe_floor_ratio\": null, \"max_detections_per_timepoint\": null, \"cfar_spike_fallback_count\": null, \"max_timepoints\": null}\n"}
,{"stream_name":"stderr","time":195.063788262,"data":"Traceback (most recent call last):\n"}
,{"stream_name":"stderr","time":195.063839873,"data":"  File \"/kaggle/src/script.py\", line 1318, in \u003cmodule\u003e\n"}
,{"stream_name":"stderr","time":195.064193358,"data":"    main()\n"}
,{"stream_name":"stderr","time":195.064206058,"data":"  File \"/kaggle/src/script.py\", line 1246, in main\n"}
,{"stream_name":"stderr","time":195.064594033,"data":"    graph, cfar_spike_fallback_count = build_graph_cfar_sidelobe(\n"}
,{"stream_name":"stderr","time":195.064714428,"data":"                                       ^^^^^^^^^^^^^^^^^^^^^^^^^^\n"}
,{"stream_name":"stderr","time":195.064734132,"data":"  File \"/kaggle/src/script.py\", line 1015, in build_graph_cfar_sidelobe\n"}
,{"stream_name":"stderr","time":195.065022511,"data":"    current = threshold_local_maxima_cfar_sidelobe_watershed(\n"}
,{"stream_name":"stderr","time":195.065137212,"data":"              ^^^^^^^^^^^^^^^^^^^^^^^^^^^^^^^^^^^^^^^^^^^^^^^\n"}
,{"stream_name":"stderr","time":195.065147373,"data":"  File \"/kaggle/src/script.py\", line 498, in threshold_local_maxima_cfar_sidelobe_watershed\n"}
,{"stream_name":"stderr","time":195.065412983,"data":"    detections = threshold_local_maxima_cfar_watershed(\n"}
,{"stream_name":"stderr","time":195.065503827,"data":"                 ^^^^^^^^^^^^^^^^^^^^^^^^^^^^^^^^^^^^^^\n"}
,{"stream_name":"stderr","time":195.065513701,"data":"  File \"/kaggle/src/script.py\", line 474, in threshold_local_maxima_cfar_watershed\n"}
,{"stream_name":"stderr","time":195.065719621,"data":"    refined = refine_detections_watershed(detections, volume, voxel_scale)\n"}
,{"stream_name":"stderr","time":195.065894546,"data":"              ^^^^^^^^^^^^^^^^^^^^^^^^^^^^^^^^^^^^^^^^^^^^^^^^^^^^^^^^^^^^\n"}
,{"stream_name":"stderr","time":195.065909626,"data":"  File \"/kaggle/src/script.py\", line 428, in refine_detections_watershed\n"}
,{"stream_name":"stderr","time":195.066169711,"data":"    dataclasses.replace(\n"}
,{"stream_name":"stderr","time":195.066184468,"data":"    ^^^^^^^^^^^\n"}
,{"stream_name":"stderr","time":195.066270444,"data":"NameError: name 'dataclasses' is not defined. Did you mean: 'dataclass'? Or did you forget to import 'dataclasses'?\n"}
,{"stream_name":"stderr","time":197.998177334,"data":"/usr/local/lib/python3.12/dist-packages/mistune.py:435: SyntaxWarning: invalid escape sequence '\\|'\n"}
,{"stream_name":"stderr","time":197.998219754,"data":"  cells[i][c] = re.sub('\\\\\\\\\\|', '|', cell)\n"}
,{"stream_name":"stderr","time":198.354977316,"data":"/usr/local/lib/python3.12/dist-packages/nbconvert/filters/filter_links.py:36: SyntaxWarning: invalid escape sequence '\\_'\n"}
,{"stream_name":"stderr","time":198.355008612,"data":"  text = re.sub(r'_', '\\_', text) # Escape underscores in display text\n"}
,{"stream_name":"stderr","time":199.927999015,"data":"[NbConvertApp] Converting notebook __script__.ipynb to html\n"}
,{"stream_name":"stderr","time":201.775835686,"data":"[NbConvertApp] Writing 524972 bytes to __results__.html\n"}
]