[{"stream_name":"stdout","time":72.478414634,"data":"{\"sample_id\": \"44b6_0113de3b\", \"sample_path\": \"/kaggle/input/competitions/biohub-cell-tracking-during-development/test/44b6_0113de3b.zarr\", \"route\": \"adaptive_baseline\", \"elapsed_seconds\": 66.1, \"predicted_nodes\": 20904, \"predicted_edges\": 17511, \"detector\": \"components\", \"threshold\": 0.65, \"min_volume\": 2, \"peak_min_distance_voxels\": [1, 5, 5], \"link_strategy\": \"greedy\", \"max_link_distance_um\": 7.0, \"median_largest_component_voxels\": 2511.0, \"median_foreground_fraction\": 0.02255725860595703, \"reason\": \"clean foreground profile: thresholded components are compact enough for component centroids and simple greedy linking\", \"cfar_training_radius_voxels\": null, \"cfar_guard_radius_voxels\": null, \"cfar_k_sigma\": null, \"sidelobe_radius_voxels\": null, \"sidelobe_floor_ratio\": null, \"max_detections_per_timepoint\": null, \"cfar_spike_fallback_count\": null, \"max_timepoints\": null}\n"}
,{"stream_name":"stdout","time":130.285814086,"data":"{\"sample_id\": \"44b6_0b24845f\", \"sample_path\": \"/kaggle/input/competitions/biohub-cell-tracking-during-development/test/44b6_0b24845f.zarr\", \"route\": \"v9_style_adaptive\", \"elapsed_seconds\": 55.55, \"predicted_nodes\": 74519, \"predicted_edges\": 41474, \"detector\": \"local_maxima\", \"threshold\": 0.65, \"min_volume\": 2, \"peak_min_distance_voxels\": [1, 5, 5], \"link_strategy\": \"motion_mutual\", \"max_link_distance_um\": 9.0, \"median_largest_component_voxels\": 1636334.0, \"median_foreground_fraction\": 0.3931598663330078, \"reason\": \"merged foreground profile: large thresholded components or high foreground fraction, so use local maxima and strict motion+mutual linking with a bounded one-frame latent recovery bridge\", \"cfar_training_radius_voxels\": null, \"cfar_guard_radius_voxels\": null, \"cfar_k_sigma\": null, \"sidelobe_radius_voxels\": null, \"sidelobe_floor_ratio\": null, \"max_detections_per_timepoint\": null, \"cfar_spike_fallback_count\": null, \"max_timepoints\": null}\n"}
,{"stream_name":"stdout","time":191.009182192,"data":"{\"sample_id\": \"6bba_05b6850b\", \"sample_path\": \"/kaggle/input/competitions/biohub-cell-tracking-during-development/test/6bba_05b6850b.zarr\", \"route\": \"adaptive_baseline\", \"elapsed_seconds\": 59.38, \"predicted_nodes\": 4431, \"predicted_edges\": 3655, \"detector\": \"components\", \"threshold\": 0.65, \"min_volume\": 2, \"peak_min_distance_voxels\": [1, 5, 5], \"link_strategy\": \"greedy\", \"max_link_distance_um\": 7.0, \"median_largest_component_voxels\": 12132.0, \"median_foreground_fraction\": 0.01777195930480957, \"reason\": \"clean foreground profile: thresholded components are compact enough for component centroids and simple greedy linking\", \"cfar_training_radius_voxels\": null, \"cfar_guard_radius_voxels\": null, \"cfar_k_sigma\": null, \"sidelobe_radius_voxels\": null, \"sidelobe_floor_ratio\": null, \"max_detections_per_timepoint\": null, \"cfar_spike_fallback_count\": null, \"max_timepoints\": null}\n"}
,{"stream_name":"stderr","time":192.64551738,"data":"Traceback (most recent call last):\n"}
,{"stream_name":"stderr","time":192.645575547,"data":"  File \"/kaggle/src/script.py\", line 1328, in \u003cmodule\u003e\n"}
,{"stream_name":"stderr","time":192.645918845,"data":"    main()\n"}
,{"stream_name":"stderr","time":192.645934818,"data":"  File \"/kaggle/src/script.py\", line 1256, in main\n"}
,{"stream_name":"stderr","time":192.646239624,"data":"    graph, cfar_spike_fallback_count = build_graph_cfar_sidelobe(\n"}
,{"stream_name":"stderr","time":192.646305877,"data":"                                       ^^^^^^^^^^^^^^^^^^^^^^^^^^\n"}
,{"stream_name":"stderr","time":192.646357892,"data":"  File \"/kaggle/src/script.py\", line 1025, in build_graph_cfar_sidelobe\n"}
,{"stream_name":"stderr","time":192.64677969,"data":"    current = threshold_local_maxima_cfar_sidelobe_watershed(\n"}
,{"stream_name":"stderr","time":192.646823793,"data":"              ^^^^^^^^^^^^^^^^^^^^^^^^^^^^^^^^^^^^^^^^^^^^^^^\n"}
,{"stream_name":"stderr","time":192.646828445,"data":"  File \"/kaggle/src/script.py\", line 505, in threshold_local_maxima_cfar_sidelobe_watershed\n"}
,{"stream_name":"stderr","time":192.646978894,"data":"    detections = threshold_local_maxima_cfar_watershed(\n"}
,{"stream_name":"stderr","time":192.647038389,"data":"                 ^^^^^^^^^^^^^^^^^^^^^^^^^^^^^^^^^^^^^^\n"}
,{"stream_name":"stderr","time":192.64707849,"data":"  File \"/kaggle/src/script.py\", line 461, in threshold_local_maxima_cfar_watershed\n"}
,{"stream_name":"stderr","time":192.647335293,"data":"    detections = threshold_local_maxima_cfar(\n"}
,{"stream_name":"stderr","time":192.647355716,"data":"                 ^^^^^^^^^^^^^^^^^^^^^^^^^^^^\n"}
,{"stream_name":"stderr","time":192.647385231,"data":"TypeError: threshold_local_maxima_cfar() got an unexpected keyword argument 'voxel_scale'\n"}
,{"stream_name":"stderr","time":195.637312496,"data":"/usr/local/lib/python3.12/dist-packages/mistune.py:435: SyntaxWarning: invalid escape sequence '\\|'\n"}
,{"stream_name":"stderr","time":195.637354494,"data":"  cells[i][c] = re.sub('\\\\\\\\\\|', '|', cell)\n"}
,{"stream_name":"stderr","time":196.036523516,"data":"/usr/local/lib/python3.12/dist-packages/nbconvert/filters/filter_links.py:36: SyntaxWarning: invalid escape sequence '\\_'\n"}
,{"stream_name":"stderr","time":196.036551079,"data":"  text = re.sub(r'_', '\\_', text) # Escape underscores in display text\n"}
,{"stream_name":"stderr","time":198.107926214,"data":"[NbConvertApp] Converting notebook __script__.ipynb to html\n"}
,{"stream_name":"stderr","time":200.059513436,"data":"[NbConvertApp] Writing 526458 bytes to __results__.html\n"}
]