[{"stream_name":"stdout","time":62.364121213,"data":"{\"sample_id\": \"44b6_0113de3b\", \"sample_path\": \"/kaggle/input/competitions/biohub-cell-tracking-during-development/test/44b6_0113de3b.zarr\", \"route\": \"adaptive_baseline\", \"elapsed_seconds\": 57.3, \"predicted_nodes\": 20904, \"predicted_edges\": 17511, \"detector\": \"components\", \"threshold\": 0.65, \"min_volume\": 2, \"peak_min_distance_voxels\": [1, 5, 5], \"link_strategy\": \"greedy\", \"max_link_distance_um\": 7.0, \"median_largest_component_voxels\": 2511.0, \"median_foreground_fraction\": 0.02255725860595703, \"reason\": \"clean foreground profile: thresholded components are compact enough for component centroids and simple greedy linking\", \"cfar_training_radius_voxels\": null, \"cfar_guard_radius_voxels\": null, \"cfar_k_sigma\": null, \"sidelobe_radius_voxels\": null, \"sidelobe_floor_ratio\": null, \"max_detections_per_timepoint\": null, \"cfar_spike_fallback_count\": null, \"max_timepoints\": null}\n"}
,{"stream_name":"stdout","time":109.832350622,"data":"{\"sample_id\": \"44b6_0b24845f\", \"sample_path\": \"/kaggle/input/competitions/biohub-cell-tracking-during-development/test/44b6_0b24845f.zarr\", \"route\": \"v9_style_adaptive\", \"elapsed_seconds\": 45.66, \"predicted_nodes\": 74519, \"predicted_edges\": 41474, \"detector\": \"local_maxima\", \"threshold\": 0.65, \"min_volume\": 2, \"peak_min_distance_voxels\": [1, 5, 5], \"link_strategy\": \"motion_mutual\", \"max_link_distance_um\": 9.0, \"median_largest_component_voxels\": 1636334.0, \"median_foreground_fraction\": 0.3931598663330078, \"reason\": \"merged foreground profile: large thresholded components or high foreground fraction, so use local maxima and strict motion+mutual linking with a bounded one-frame latent recovery bridge\", \"cfar_training_radius_voxels\": null, \"cfar_guard_radius_voxels\": null, \"cfar_k_sigma\": null, \"sidelobe_radius_voxels\": null, \"sidelobe_floor_ratio\": null, \"max_detections_per_timepoint\": null, \"cfar_spike_fallback_count\": null, \"max_timepoints\": null}\n"}
,{"stream_name":"stdout","time":163.015791779,"data":"{\"sample_id\": \"6bba_05b6850b\", \"sample_path\": \"/kaggle/input/competitions/biohub-cell-tracking-during-development/test/6bba_05b6850b.zarr\", \"route\": \"adaptive_baseline\", \"elapsed_seconds\": 52.14, \"predicted_nodes\": 4431, \"predicted_edges\": 3655, \"detector\": \"components\", \"threshold\": 0.65, \"min_volume\": 2, \"peak_min_distance_voxels\": [1, 5, 5], \"link_strategy\": \"greedy\", \"max_link_distance_um\": 7.0, \"median_largest_component_voxels\": 12132.0, \"median_foreground_fraction\": 0.01777195930480957, \"reason\": \"clean foreground profile: thresholded components are compact enough for component centroids and simple greedy linking\", \"cfar_training_radius_voxels\": null, \"cfar_guard_radius_voxels\": null, \"cfar_k_sigma\": null, \"sidelobe_radius_voxels\": null, \"sidelobe_floor_ratio\": null, \"max_detections_per_timepoint\": null, \"cfar_spike_fallback_count\": null, \"max_timepoints\": null}\n"}
,{"stream_name":"stderr","time":166.110484674,"data":"Traceback (most recent call last):\n"}
,{"stream_name":"stderr","time":166.110538056,"data":"  File \"/kaggle/src/script.py\", line 1318, in \u003cmodule\u003e\n"}
,{"stream_name":"stderr","time":166.110831644,"data":"    main()\n"}
,{"stream_name":"stderr","time":166.110847205,"data":"  File \"/kaggle/src/script.py\", line 1246, in main\n"}
,{"stream_name":"stderr","time":166.111228209,"data":"    graph, cfar_spike_fallback_count = build_graph_cfar_sidelobe(\n"}
,{"stream_name":"stderr","time":166.111275873,"data":"                                       ^^^^^^^^^^^^^^^^^^^^^^^^^^\n"}
,{"stream_name":"stderr","time":166.111303181,"data":"  File \"/kaggle/src/script.py\", line 1015, in build_graph_cfar_sidelobe\n"}
,{"stream_name":"stderr","time":166.111647115,"data":"    current = threshold_local_maxima_cfar_sidelobe_watershed(\n"}
,{"stream_name":"stderr","time":166.111679233,"data":"              ^^^^^^^^^^^^^^^^^^^^^^^^^^^^^^^^^^^^^^^^^^^^^^^\n"}
,{"stream_name":"stderr","time":166.11169159600001,"data":"  File \"/kaggle/src/script.py\", line 513, in threshold_local_maxima_cfar_sidelobe_watershed\n"}
,{"stream_name":"stderr","time":166.111881081,"data":"    kept = _sidelobe_suppress_detections(\n"}
,{"stream_name":"stderr","time":166.111916735,"data":"           ^^^^^^^^^^^^^^^^^^^^^^^^^^^^^^\n"}
,{"stream_name":"stderr","time":166.111964345,"data":"TypeError: _sidelobe_suppress_detections() got an unexpected keyword argument 'sidelobe_mode'\n"}
,{"stream_name":"stderr","time":168.783962416,"data":"/usr/local/lib/python3.12/dist-packages/mistune.py:435: SyntaxWarning: invalid escape sequence '\\|'\n"}
,{"stream_name":"stderr","time":168.784000238,"data":"  cells[i][c] = re.sub('\\\\\\\\\\|', '|', cell)\n"}
,{"stream_name":"stderr","time":169.088610061,"data":"/usr/local/lib/python3.12/dist-packages/nbconvert/filters/filter_links.py:36: SyntaxWarning: invalid escape sequence '\\_'\n"}
,{"stream_name":"stderr","time":169.088641854,"data":"  text = re.sub(r'_', '\\_', text) # Escape underscores in display text\n"}
,{"stream_name":"stderr","time":170.635075007,"data":"[NbConvertApp] Converting notebook __script__.ipynb to html\n"}
,{"stream_name":"stderr","time":172.374349699,"data":"[NbConvertApp] Writing 524969 bytes to __results__.html\n"}
]